{
  message: 'database connect successful',
  level: 'info',
  service: 'user-service',
  label: 'DCH',
  timestamp: '2023-12-01T13:02:33.669Z'
}
{
  message: 'Example app listening on port 5000',
  level: 'info',
  service: 'user-service',
  label: 'DCH',
  timestamp: '2023-12-01T13:02:33.679Z'
}
{
  message: 'database connect successful',
  level: 'info',
  service: 'user-service',
  label: 'DCH',
  timestamp: '2023-12-01T13:02:51.021Z'
}
{
  message: 'Example app listening on port 5000',
  level: 'info',
  service: 'user-service',
  label: 'DCH',
  timestamp: '2023-12-01T13:02:51.030Z'
}
{
  message: 'database connect successful',
  level: 'info',
  service: 'user-service',
  label: 'DCH',
  timestamp: '2023-12-01T13:09:36.055Z'
}
{
  message: 'Example app listening on port 5000',
  level: 'info',
  service: 'user-service',
  label: 'DCH',
  timestamp: '2023-12-01T13:09:36.065Z'
}
{
  message: 'database connect successful',
  level: 'info',
  service: 'user-service',
  label: 'DCH',
  timestamp: '2023-12-01T13:09:54.093Z'
}
{
  message: 'Example app listening on port 5000',
  level: 'info',
  service: 'user-service',
  label: 'DCH',
  timestamp: '2023-12-01T13:09:54.103Z'
}
